[2026-02-10T09:27:45.292Z] Webhook received
[2026-02-10T09:27:45.295Z] Webhook parsed: payment_intent.created
[2026-02-10T09:27:45.416Z] Webhook received
[2026-02-10T09:27:45.417Z] Webhook parsed: payment_intent.created
[2026-02-10T09:28:10.219Z] Webhook received
[2026-02-10T09:28:10.222Z] Webhook parsed: payment_intent.succeeded
[2026-02-10T09:28:10.223Z] Webhook PI ID: pi_3SzDESPotuxwlWux2VxizqfJ
[2026-02-10T09:28:10.226Z] Initial Metadata: {}
[2026-02-10T09:28:10.228Z] Metadata empty, fetching fresh PaymentIntent...
[2026-02-10T09:28:10.340Z] Webhook received
[2026-02-10T09:28:10.343Z] Webhook parsed: charge.succeeded
[2026-02-10T09:28:10.650Z] Fresh Metadata: {}
[2026-02-10T09:28:10.650Z] Error: No orderId in metadata
[2026-02-10T09:28:12.561Z] Webhook received
[2026-02-10T09:28:12.562Z] Webhook parsed: charge.updated
[2026-02-10T09:30:53.427Z] Webhook received
[2026-02-10T09:30:53.429Z] Webhook parsed: payment_intent.created
[2026-02-10T09:30:53.474Z] Webhook received
[2026-02-10T09:30:53.478Z] Webhook parsed: payment_intent.created
[2026-02-10T09:31:18.245Z] Webhook received
[2026-02-10T09:31:18.246Z] Webhook parsed: payment_intent.succeeded
[2026-02-10T09:31:18.247Z] Webhook PI ID: pi_3SzDHVPotuxwlWux2ObTz3t3
[2026-02-10T09:31:18.248Z] Initial Metadata: {"orderId":"698afadd5cbbc5464bc95ff8"}
[2026-02-10T09:31:18.248Z] Processing Order: 698afadd5cbbc5464bc95ff8
[2026-02-10T09:31:18.305Z] Webhook received
[2026-02-10T09:31:18.307Z] Webhook parsed: charge.succeeded
[2026-02-10T09:31:20.662Z] Order updated to PAID: 698afadd5cbbc5464bc95ff8
[2026-02-10T09:31:20.663Z] Sending email to ayoyemisola@gmail.com
[2026-02-10T09:31:21.181Z] Webhook received
[2026-02-10T09:31:21.182Z] Webhook parsed: charge.updated
[2026-02-10T09:31:23.874Z] Email sent successfully
